2025-09-06T03:47:57.210 [proactor_events.py:633 - __init__()] DEBUG: MainThread: Using proactor: IocpProactor
2025-09-06T03:47:57.222 [client_base.py:147 - connection_made()] INFO: MainThread: Connected to <Peer ::1 7100>
2025-09-06T03:47:59.225 [client_base.py:295 - _check_negotiation_timer()] DEBUG: MainThread: negotiation complete after 2.00s.
2025-09-06T03:48:04.237 [aqawan.py:43 - _send()] WARNING: MainThread: Timeout waiting for #> prompt, falling back to drain buffer
2025-09-06T03:48:04.751 [client_base.py:82 - connection_lost()] INFO: MainThread: Connection closed to <Peer ::1 7100>
2025-09-06T03:48:04.866 [proactor_events.py:633 - __init__()] DEBUG: MainThread: Using proactor: IocpProactor
2025-09-06T03:48:05.189 [proactor_events.py:633 - __init__()] DEBUG: MainThread: Using proactor: IocpProactor
2025-09-06T03:48:05.213 [proactor_events.py:633 - __init__()] DEBUG: ThreadPoolExecutor-0_0: Using proactor: IocpProactor
2025-09-06T03:50:08 [proactor_events.py:633 - __init__()] DEBUG: MainThread: Using proactor: IocpProactor
2025-09-06T03:50:08 [client_base.py:147 - connection_made()] INFO: MainThread: Connected to <Peer ::1 7100>
2025-09-06T03:50:10 [client_base.py:295 - _check_negotiation_timer()] DEBUG: MainThread: negotiation complete after 2.00s.
2025-09-06T03:50:15 [aqawan.py:43 - _send()] WARNING: MainThread: Timeout waiting for #> prompt, falling back to drain buffer
2025-09-06T03:50:15 [client_base.py:82 - connection_lost()] INFO: MainThread: Connection closed to <Peer ::1 7100>
2025-09-06T03:50:15 [proactor_events.py:633 - __init__()] DEBUG: MainThread: Using proactor: IocpProactor
2025-09-06T03:50:15 [proactor_events.py:633 - __init__()] DEBUG: MainThread: Using proactor: IocpProactor
2025-09-06T03:50:15 [proactor_events.py:633 - __init__()] DEBUG: ThreadPoolExecutor-0_0: Using proactor: IocpProactor
2025-09-06T03:51:36 [proactor_events.py:633 - __init__()] DEBUG: MainThread: Using proactor: IocpProactor
2025-09-06T03:51:36 [client_base.py:147 - connection_made()] INFO: MainThread: Connected to <Peer ::1 7100>
2025-09-06T03:51:38 [client_base.py:295 - _check_negotiation_timer()] DEBUG: MainThread: negotiation complete after 2.01s.
2025-09-06T03:51:43 [aqawan.py:43 - _send()] WARNING: MainThread: Timeout waiting for #> prompt, falling back to drain buffer
2025-09-06T03:51:43 [client_base.py:82 - connection_lost()] INFO: MainThread: Connection closed to <Peer ::1 7100>
2025-09-06T03:51:43 [proactor_events.py:633 - __init__()] DEBUG: MainThread: Using proactor: IocpProactor
2025-09-06T03:51:43 [proactor_events.py:633 - __init__()] DEBUG: MainThread: Using proactor: IocpProactor
2025-09-06T03:51:43 [proactor_events.py:633 - __init__()] DEBUG: ThreadPoolExecutor-0_0: Using proactor: IocpProactor
2025-09-06T03:57:01 [proactor_events.py:633 - __init__()] DEBUG: MainThread: Using proactor: IocpProactor
2025-09-06T03:57:01 [client_base.py:147 - connection_made()] INFO: MainThread: Connected to <Peer ::1 7100>
2025-09-06T03:57:03 [client_base.py:295 - _check_negotiation_timer()] DEBUG: MainThread: negotiation complete after 2.00s.
2025-09-06T03:57:08 [aqawan.py:45 - _send()] WARNING: MainThread: Timeout waiting for #> prompt, falling back to drain buffer
2025-09-06T03:57:09 [client_base.py:82 - connection_lost()] INFO: MainThread: Connection closed to <Peer ::1 7100>
2025-09-06T03:57:09 [proactor_events.py:633 - __init__()] DEBUG: MainThread: Using proactor: IocpProactor
2025-09-06T03:57:09 [proactor_events.py:633 - __init__()] DEBUG: MainThread: Using proactor: IocpProactor
2025-09-06T03:57:09 [proactor_events.py:633 - __init__()] DEBUG: ThreadPoolExecutor-0_0: Using proactor: IocpProactor
2025-09-06T04:00:07 [proactor_events.py:633 - __init__()] DEBUG: MainThread: Using proactor: IocpProactor
2025-09-06T04:00:07 [client_base.py:147 - connection_made()] INFO: MainThread: Connected to <Peer ::1 7100>
2025-09-06T04:00:09 [client_base.py:295 - _check_negotiation_timer()] DEBUG: MainThread: negotiation complete after 2.01s.
2025-09-06T04:00:14 [aqawan.py:46 - _send()] WARNING: MainThread: Timeout waiting for #> prompt, falling back to drain buffer
2025-09-06T04:00:14 [client_base.py:82 - connection_lost()] INFO: MainThread: Connection closed to <Peer ::1 7100>
2025-09-06T04:00:14 [proactor_events.py:633 - __init__()] DEBUG: MainThread: Using proactor: IocpProactor
2025-09-06T04:00:14 [proactor_events.py:633 - __init__()] DEBUG: MainThread: Using proactor: IocpProactor
2025-09-06T04:00:14 [proactor_events.py:633 - __init__()] DEBUG: ThreadPoolExecutor-0_0: Using proactor: IocpProactor
2025-09-06T04:00:59 [proactor_events.py:633 - __init__()] DEBUG: MainThread: Using proactor: IocpProactor
2025-09-06T04:00:59 [client_base.py:147 - connection_made()] INFO: MainThread: Connected to <Peer ::1 7100>
2025-09-06T04:01:01 [client_base.py:295 - _check_negotiation_timer()] DEBUG: MainThread: negotiation complete after 2.00s.
2025-09-06T04:01:06 [aqawan.py:50 - _send()] WARNING: MainThread: Timeout waiting for #> prompt, falling back to drain buffer
2025-09-06T04:01:07 [client_base.py:82 - connection_lost()] INFO: MainThread: Connection closed to <Peer ::1 7100>
2025-09-06T04:02:30 [proactor_events.py:633 - __init__()] DEBUG: MainThread: Using proactor: IocpProactor
2025-09-06T04:02:30 [client_base.py:147 - connection_made()] INFO: MainThread: Connected to <Peer ::1 7100>
2025-09-06T04:02:32 [client_base.py:295 - _check_negotiation_timer()] DEBUG: MainThread: negotiation complete after 2.01s.
2025-09-06T04:02:37 [aqawan.py:47 - _send()] WARNING: MainThread: Timeout waiting for #> prompt, falling back to drain buffer
2025-09-06T04:02:37 [client_base.py:82 - connection_lost()] INFO: MainThread: Connection closed to <Peer ::1 7100>
2025-09-06T04:02:37 [proactor_events.py:633 - __init__()] DEBUG: MainThread: Using proactor: IocpProactor
2025-09-06T04:02:37 [proactor_events.py:633 - __init__()] DEBUG: MainThread: Using proactor: IocpProactor
2025-09-06T04:02:37 [proactor_events.py:633 - __init__()] DEBUG: ThreadPoolExecutor-0_0: Using proactor: IocpProactor
2025-09-06T04:04:27 [proactor_events.py:633 - __init__()] DEBUG: MainThread: Using proactor: IocpProactor
2025-09-06T04:04:27 [client_base.py:147 - connection_made()] INFO: MainThread: Connected to <Peer ::1 7100>
2025-09-06T04:04:29 [client_base.py:295 - _check_negotiation_timer()] DEBUG: MainThread: negotiation complete after 2.01s.
2025-09-06T04:04:29 [aqawan.py:47 - _send()] DEBUG: MainThread: Received response: 'Timestamp=2025/09/06,02:13:11, SWVersion=7, FWVersion=R9.1b, ICDVersion=1.1, SystemUpTime=77796489, Shutter1=CLOSED, Shutter2=CLOSED, EnclOpMode=AUTO, Error=TRUE, Fault=FALSE, PendantStowed=FALSE, LightsOn=FALSE, WallFanOpMode=AUTO, OTAblowerOpMode=AUTO, StormLocked=FALSE, FenceClosed=FALSE, TrapKeyOn=TRUE, GoFastOn=FALSE, PoleFanExhaustTach=9, PanelFanTach=64, PanelFanCtrlVmax=5, EntryDoor1=CLOSED, EntryDoor2=CLOSED, PanelDoor=CLOSED, EnclTemp=13.3, EnclHumidity=15.3, EnclIntakeTemp=106.8, EnclExhaustTemp=106.5, PanelExhaustTemp=107.4, UltimateClosed=FALSE, 24VPSU_OK=TRUE, Heartbeat=0'
2025-09-06T04:04:29 [client_base.py:82 - connection_lost()] INFO: MainThread: Connection closed to <Peer ::1 7100>
2025-09-06T04:04:29 [proactor_events.py:633 - __init__()] DEBUG: MainThread: Using proactor: IocpProactor
2025-09-06T04:04:30 [proactor_events.py:633 - __init__()] DEBUG: MainThread: Using proactor: IocpProactor
2025-09-06T04:04:30 [proactor_events.py:633 - __init__()] DEBUG: ThreadPoolExecutor-0_0: Using proactor: IocpProactor
2025-09-06T04:04:48 [client_base.py:147 - connection_made()] INFO: MainThread: Connected to <Peer ::1 7100>
2025-09-06T04:04:50 [client_base.py:295 - _check_negotiation_timer()] DEBUG: MainThread: negotiation complete after 2.01s.
2025-09-06T04:04:50 [aqawan.py:47 - _send()] DEBUG: MainThread: Received response: 'Timestamp=2025/09/06,02:13:32, SWVersion=7, FWVersion=R9.1b, ICDVersion=1.1, SystemUpTime=77796510, Shutter1=CLOSED, Shutter2=CLOSED, EnclOpMode=AUTO, Error=TRUE, Fault=FALSE, PendantStowed=FALSE, LightsOn=FALSE, WallFanOpMode=AUTO, OTAblowerOpMode=AUTO, StormLocked=FALSE, FenceClosed=FALSE, TrapKeyOn=TRUE, GoFastOn=FALSE, PoleFanExhaustTach=9, PanelFanTach=64, PanelFanCtrlVmax=5, EntryDoor1=CLOSED, EntryDoor2=CLOSED, PanelDoor=CLOSED, EnclTemp=13.3, EnclHumidity=15.3, EnclIntakeTemp=106.8, EnclExhaustTemp=106.5, PanelExhaustTemp=107.4, UltimateClosed=FALSE, 24VPSU_OK=TRUE, Heartbeat=0'
2025-09-06T04:04:50 [client_base.py:82 - connection_lost()] INFO: MainThread: Connection closed to <Peer ::1 7100>
2025-09-06T04:04:50 [proactor_events.py:633 - __init__()] DEBUG: ThreadPoolExecutor-0_0: Using proactor: IocpProactor
2025-09-06T04:04:56 [proactor_events.py:633 - __init__()] DEBUG: ThreadPoolExecutor-0_0: Using proactor: IocpProactor
2025-09-06T04:05:19 [client_base.py:147 - connection_made()] INFO: MainThread: Connected to <Peer ::1 7100>
2025-09-06T04:05:21 [client_base.py:295 - _check_negotiation_timer()] DEBUG: MainThread: negotiation complete after 2.01s.
2025-09-06T04:05:21 [aqawan.py:47 - _send()] DEBUG: MainThread: Received response: 'Success=TRUE 2025/09/06,02:14:03'
2025-09-06T04:05:21 [client_base.py:82 - connection_lost()] INFO: MainThread: Connection closed to <Peer ::1 7100>
2025-09-06T04:05:21 [proactor_events.py:633 - __init__()] DEBUG: ThreadPoolExecutor-0_0: Using proactor: IocpProactor
2025-09-06T04:05:55 [proactor_events.py:633 - __init__()] DEBUG: MainThread: Using proactor: IocpProactor
2025-09-06T04:05:55 [client_base.py:147 - connection_made()] INFO: MainThread: Connected to <Peer ::1 7100>
2025-09-06T04:05:57 [client_base.py:295 - _check_negotiation_timer()] DEBUG: MainThread: negotiation complete after 2.01s.
2025-09-06T04:05:57 [aqawan.py:47 - _send()] DEBUG: MainThread: Received response: 'Timestamp=2025/09/06,02:14:39, SWVersion=7, FWVersion=R9.1b, ICDVersion=1.1, SystemUpTime=77796577, Shutter1=CLOSED, Shutter2=CLOSED, EnclOpMode=AUTO, Error=TRUE, Fault=FALSE, PendantStowed=FALSE, LightsOn=FALSE, WallFanOpMode=AUTO, OTAblowerOpMode=AUTO, StormLocked=FALSE, FenceClosed=FALSE, TrapKeyOn=TRUE, GoFastOn=FALSE, PoleFanExhaustTach=10, PanelFanTach=64, PanelFanCtrlVmax=5, EntryDoor1=CLOSED, EntryDoor2=CLOSED, PanelDoor=CLOSED, EnclTemp=13.3, EnclHumidity=15.3, EnclIntakeTemp=106.8, EnclExhaustTemp=106.4, PanelExhaustTemp=107.4, UltimateClosed=FALSE, 24VPSU_OK=TRUE, Heartbeat=0'
2025-09-06T04:05:57 [client_base.py:82 - connection_lost()] INFO: MainThread: Connection closed to <Peer ::1 7100>
2025-09-06T04:05:57 [proactor_events.py:633 - __init__()] DEBUG: MainThread: Using proactor: IocpProactor
2025-09-06T04:05:58 [proactor_events.py:633 - __init__()] DEBUG: MainThread: Using proactor: IocpProactor
2025-09-06T04:05:58 [proactor_events.py:633 - __init__()] DEBUG: ThreadPoolExecutor-0_0: Using proactor: IocpProactor
2025-09-06T04:06:01 [client_base.py:147 - connection_made()] INFO: MainThread: Connected to <Peer ::1 7100>
2025-09-06T04:06:03 [client_base.py:295 - _check_negotiation_timer()] DEBUG: MainThread: negotiation complete after 2.01s.
2025-09-06T04:06:03 [aqawan.py:47 - _send()] DEBUG: MainThread: Received response: 'Success=TRUE 2025/09/06,02:14:45'
2025-09-06T04:06:03 [client_base.py:82 - connection_lost()] INFO: MainThread: Connection closed to <Peer ::1 7100>
2025-09-06T04:06:03 [proactor_events.py:633 - __init__()] DEBUG: ThreadPoolExecutor-0_0: Using proactor: IocpProactor
2025-09-06T04:06:07 [proactor_events.py:633 - __init__()] DEBUG: ThreadPoolExecutor-0_0: Using proactor: IocpProactor
2025-09-06T04:06:44 [proactor_events.py:633 - __init__()] DEBUG: MainThread: Using proactor: IocpProactor
2025-09-06T04:06:44 [client_base.py:147 - connection_made()] INFO: MainThread: Connected to <Peer ::1 7100>
2025-09-06T04:06:46 [client_base.py:295 - _check_negotiation_timer()] DEBUG: MainThread: negotiation complete after 2.01s.
2025-09-06T04:06:47 [aqawan.py:47 - _send()] DEBUG: MainThread: Received response: ''
2025-09-06T04:06:47 [client_base.py:82 - connection_lost()] INFO: MainThread: Connection closed to <Peer ::1 7100>
2025-09-06T04:07:00 [proactor_events.py:633 - __init__()] DEBUG: MainThread: Using proactor: IocpProactor
2025-09-06T04:07:00 [client_base.py:147 - connection_made()] INFO: MainThread: Connected to <Peer ::1 7100>
2025-09-06T04:07:02 [client_base.py:295 - _check_negotiation_timer()] DEBUG: MainThread: negotiation complete after 2.01s.
2025-09-06T04:07:02 [aqawan.py:47 - _send()] DEBUG: MainThread: Received response: 'Timestamp=2025/09/06,02:15:44, SWVersion=7, FWVersion=R9.1b, ICDVersion=1.1, SystemUpTime=77796642, Shutter1=CLOSED, Shutter2=CLOSED, EnclOpMode=AUTO, Error=TRUE, Fault=FALSE, PendantStowed=FALSE, LightsOn=FALSE, WallFanOpMode=AUTO, OTAblowerOpMode=AUTO, StormLocked=FALSE, FenceClosed=FALSE, TrapKeyOn=TRUE, GoFastOn=FALSE, PoleFanExhaustTach=14, PanelFanTach=64, PanelFanCtrlVmax=5, EntryDoor1=CLOSED, EntryDoor2=CLOSED, PanelDoor=CLOSED, EnclTemp=13.3, EnclHumidity=15.3, EnclIntakeTemp=106.8, EnclExhaustTemp=106.4, PanelExhaustTemp=107.4, UltimateClosed=FALSE, 24VPSU_OK=TRUE, Heartbeat=0'
2025-09-06T04:07:02 [client_base.py:82 - connection_lost()] INFO: MainThread: Connection closed to <Peer ::1 7100>
2025-09-06T04:07:02 [proactor_events.py:633 - __init__()] DEBUG: MainThread: Using proactor: IocpProactor
2025-09-06T04:07:02 [proactor_events.py:633 - __init__()] DEBUG: MainThread: Using proactor: IocpProactor
2025-09-06T04:07:02 [proactor_events.py:633 - __init__()] DEBUG: ThreadPoolExecutor-0_0: Using proactor: IocpProactor
2025-09-06T04:07:15 [client_base.py:147 - connection_made()] INFO: MainThread: Connected to <Peer ::1 7100>
2025-09-06T04:07:17 [client_base.py:295 - _check_negotiation_timer()] DEBUG: MainThread: negotiation complete after 2.01s.
2025-09-06T04:07:18 [aqawan.py:47 - _send()] DEBUG: MainThread: Received response: 'Success=TRUE 2025/09/06,02:15:59'
2025-09-06T04:07:18 [client_base.py:82 - connection_lost()] INFO: MainThread: Connection closed to <Peer ::1 7100>
2025-09-06T04:07:18 [proactor_events.py:633 - __init__()] DEBUG: ThreadPoolExecutor-0_0: Using proactor: IocpProactor
2025-09-06T04:07:22 [client_base.py:147 - connection_made()] INFO: MainThread: Connected to <Peer ::1 7100>
2025-09-06T04:07:24 [client_base.py:295 - _check_negotiation_timer()] DEBUG: MainThread: negotiation complete after 2.00s.
2025-09-06T04:07:24 [aqawan.py:47 - _send()] DEBUG: MainThread: Received response: 'Success=TRUE 2025/09/06,02:16:06'
2025-09-06T04:07:24 [client_base.py:82 - connection_lost()] INFO: MainThread: Connection closed to <Peer ::1 7100>
2025-09-06T04:07:24 [proactor_events.py:633 - __init__()] DEBUG: ThreadPoolExecutor-0_0: Using proactor: IocpProactor
2025-09-06T04:07:27 [client_base.py:147 - connection_made()] INFO: MainThread: Connected to <Peer ::1 7100>
2025-09-06T04:07:29 [client_base.py:295 - _check_negotiation_timer()] DEBUG: MainThread: negotiation complete after 2.00s.
2025-09-06T04:07:30 [aqawan.py:47 - _send()] DEBUG: MainThread: Received response: 'Success=TRUE 2025/09/06,02:16:11'
2025-09-06T04:07:30 [client_base.py:82 - connection_lost()] INFO: MainThread: Connection closed to <Peer ::1 7100>
2025-09-06T04:07:30 [proactor_events.py:633 - __init__()] DEBUG: ThreadPoolExecutor-0_0: Using proactor: IocpProactor
2025-09-06T04:08:44 [proactor_events.py:633 - __init__()] DEBUG: MainThread: Using proactor: IocpProactor
2025-09-06T04:08:44 [client_base.py:147 - connection_made()] INFO: MainThread: Connected to <Peer ::1 7100>
2025-09-06T04:08:46 [client_base.py:295 - _check_negotiation_timer()] DEBUG: MainThread: negotiation complete after 2.00s.
2025-09-06T04:08:47 [aqawan.py:46 - _send()] DEBUG: MainThread: Received response: 'Timestamp=2025/09/06,02:17:28, SWVersion=7, FWVersion=R9.1b, ICDVersion=1.1, SystemUpTime=77796747, Shutter1=CLOSED, Shutter2=CLOSED, EnclOpMode=AUTO, Error=TRUE, Fault=FALSE, PendantStowed=FALSE, LightsOn=FALSE, WallFanOpMode=AUTO, OTAblowerOpMode=AUTO, StormLocked=FALSE, FenceClosed=FALSE, TrapKeyOn=TRUE, GoFastOn=FALSE, PoleFanExhaustTach=9, PanelFanTach=64, PanelFanCtrlVmax=5, EntryDoor1=CLOSED, EntryDoor2=CLOSED, PanelDoor=CLOSED, EnclTemp=13.3, EnclHumidity=15.3, EnclIntakeTemp=106.7, EnclExhaustTemp=106.5, PanelExhaustTemp=107.4, UltimateClosed=FALSE, 24VPSU_OK=TRUE, Heartbeat=0'
2025-09-06T04:08:47 [client_base.py:82 - connection_lost()] INFO: MainThread: Connection closed to <Peer ::1 7100>
2025-09-06T04:08:47 [proactor_events.py:633 - __init__()] DEBUG: MainThread: Using proactor: IocpProactor
2025-09-06T04:08:47 [proactor_events.py:633 - __init__()] DEBUG: MainThread: Using proactor: IocpProactor
2025-09-06T04:08:47 [proactor_events.py:633 - __init__()] DEBUG: ThreadPoolExecutor-0_0: Using proactor: IocpProactor
2025-09-06T04:14:18 [proactor_events.py:633 - __init__()] DEBUG: MainThread: Using proactor: IocpProactor
2025-09-06T04:14:18 [client_base.py:147 - connection_made()] INFO: MainThread: Connected to <Peer ::1 7100>
2025-09-06T04:14:20 [client_base.py:295 - _check_negotiation_timer()] DEBUG: MainThread: negotiation complete after 2.01s.
2025-09-06T04:14:21 [aqawan.py:65 - _send()] DEBUG: MainThread: Received response: 'Timestamp=2025/09/06,02:23:02, SWVersion=7, FWVersion=R9.1b, ICDVersion=1.1, SystemUpTime=77797081, Shutter1=CLOSED, Shutter2=CLOSED, EnclOpMode=AUTO, Error=TRUE, Fault=FALSE, PendantStowed=FALSE, LightsOn=FALSE, WallFanOpMode=AUTO, OTAblowerOpMode=AUTO, StormLocked=FALSE, FenceClosed=FALSE, TrapKeyOn=TRUE, GoFastOn=FALSE, PoleFanExhaustTach=7, PanelFanTach=64, PanelFanCtrlVmax=5, EntryDoor1=CLOSED, EntryDoor2=CLOSED, PanelDoor=CLOSED, EnclTemp=13.3, EnclHumidity=15.3, EnclIntakeTemp=106.8, EnclExhaustTemp=106.6, PanelExhaustTemp=107.4, UltimateClosed=FALSE, 24VPSU_OK=TRUE, Heartbeat=0'
2025-09-06T04:14:21 [client_base.py:82 - connection_lost()] INFO: MainThread: Connection closed to <Peer ::1 7100>
2025-09-06T04:14:21 [proactor_events.py:633 - __init__()] DEBUG: MainThread: Using proactor: IocpProactor
2025-09-06T04:14:21 [proactor_events.py:633 - __init__()] DEBUG: MainThread: Using proactor: IocpProactor
2025-09-06T04:14:21 [proactor_events.py:633 - __init__()] DEBUG: ThreadPoolExecutor-0_0: Using proactor: IocpProactor
2025-09-06T04:14:48 [proactor_events.py:633 - __init__()] DEBUG: ThreadPoolExecutor-0_0: Using proactor: IocpProactor
2025-09-06T04:15:00 [proactor_events.py:633 - __init__()] DEBUG: MainThread: Using proactor: IocpProactor
2025-09-06T04:15:00 [client_base.py:147 - connection_made()] INFO: MainThread: Connected to <Peer ::1 7100>
2025-09-06T04:15:02 [client_base.py:295 - _check_negotiation_timer()] DEBUG: MainThread: negotiation complete after 2.01s.
2025-09-06T04:15:02 [aqawan.py:66 - _send()] DEBUG: MainThread: Received response: ''
2025-09-06T04:15:02 [client_base.py:82 - connection_lost()] INFO: MainThread: Connection closed to <Peer ::1 7100>
2025-09-06T04:15:20 [proactor_events.py:633 - __init__()] DEBUG: MainThread: Using proactor: IocpProactor
2025-09-06T04:15:20 [client_base.py:147 - connection_made()] INFO: MainThread: Connected to <Peer ::1 7100>
2025-09-06T04:15:22 [client_base.py:295 - _check_negotiation_timer()] DEBUG: MainThread: negotiation complete after 2.01s.
2025-09-06T04:15:22 [aqawan.py:66 - _send()] DEBUG: MainThread: Received response: 'Timestamp=2025/09/06,02:24:04, SWVersion=7, FWVersion=R9.1b, ICDVersion=1.1, SystemUpTime=77797142, Shutter1=CLOSED, Shutter2=CLOSED, EnclOpMode=AUTO, Error=TRUE, Fault=FALSE, PendantStowed=FALSE, LightsOn=FALSE, WallFanOpMode=AUTO, OTAblowerOpMode=AUTO, StormLocked=FALSE, FenceClosed=FALSE, TrapKeyOn=TRUE, GoFastOn=FALSE, PoleFanExhaustTach=9, PanelFanTach=64, PanelFanCtrlVmax=5, EntryDoor1=CLOSED, EntryDoor2=CLOSED, PanelDoor=CLOSED, EnclTemp=13.3, EnclHumidity=15.3, EnclIntakeTemp=106.9, EnclExhaustTemp=106.7, PanelExhaustTemp=107.4, UltimateClosed=FALSE, 24VPSU_OK=TRUE, Heartbeat=0'
2025-09-06T04:15:22 [client_base.py:82 - connection_lost()] INFO: MainThread: Connection closed to <Peer ::1 7100>
2025-09-06T04:15:23 [proactor_events.py:633 - __init__()] DEBUG: MainThread: Using proactor: IocpProactor
2025-09-06T04:15:23 [proactor_events.py:633 - __init__()] DEBUG: MainThread: Using proactor: IocpProactor
2025-09-06T04:15:23 [proactor_events.py:633 - __init__()] DEBUG: ThreadPoolExecutor-0_0: Using proactor: IocpProactor
2025-09-06T04:15:28 [aqawan.py:40 - send_old()] INFO: MainThread: command(STATUS) sent, got response b'Success=FALSE, Unknown command 2025/09/06,02:24:09'
2025-09-06T04:15:28 [proactor_events.py:633 - __init__()] DEBUG: ThreadPoolExecutor-0_0: Using proactor: IocpProactor
2025-09-06T04:16:01 [aqawan.py:40 - send_old()] INFO: MainThread: command(STATUS) sent, got response b'Success=FALSE, Unknown command 2025/09/06,02:24:43'
2025-09-06T04:16:01 [proactor_events.py:633 - __init__()] DEBUG: ThreadPoolExecutor-0_0: Using proactor: IocpProactor
2025-09-06T04:16:05 [aqawan.py:40 - send_old()] INFO: MainThread: command(STATUS) sent, got response b'Success=FALSE, Unknown command 2025/09/06,02:24:47'
2025-09-06T04:16:05 [proactor_events.py:633 - __init__()] DEBUG: ThreadPoolExecutor-0_0: Using proactor: IocpProactor
2025-09-06T04:47:51 [proactor_events.py:633 - __init__()] DEBUG: MainThread: Using proactor: IocpProactor
2025-09-06T04:47:51 [client_base.py:147 - connection_made()] INFO: MainThread: Connected to <Peer ::1 7100>
2025-09-06T04:47:53 [client_base.py:295 - _check_negotiation_timer()] DEBUG: MainThread: negotiation complete after 2.01s.
2025-09-06T04:47:54 [aqawan.py:50 - _send()] DEBUG: MainThread: Received response: 'Timestamp=2025/09/06,02:56:36, SWVersion=7, FWVersion=R9.1b, ICDVersion=1.1, SystemUpTime=77799094, Shutter1=CLOSED, Shutter2=CLOSED, EnclOpMode=AUTO, Error=TRUE, Fault=FALSE, PendantStowed=FALSE, LightsOn=FALSE, WallFanOpMode=AUTO, OTAblowerOpMode=AUTO, StormLocked=FALSE, FenceClosed=FALSE, TrapKeyOn=TRUE, GoFastOn=FALSE, PoleFanExhaustTach=12, PanelFanTach=64, PanelFanCtrlVmax=5, EntryDoor1=CLOSED, EntryDoor2=CLOSED, PanelDoor=CLOSED, EnclTemp=13.3, EnclHumidity=15.5, EnclIntakeTemp=106.7, EnclExhaustTemp=106.5, PanelExhaustTemp=107.3, UltimateClosed=FALSE, 24VPSU_OK=TRUE, Heartbeat=0'
2025-09-06T04:47:54 [client_base.py:82 - connection_lost()] INFO: MainThread: Connection closed to <Peer ::1 7100>
2025-09-06T04:47:54 [proactor_events.py:633 - __init__()] DEBUG: MainThread: Using proactor: IocpProactor
2025-09-06T04:47:55 [proactor_events.py:633 - __init__()] DEBUG: MainThread: Using proactor: IocpProactor
2025-09-06T04:47:55 [proactor_events.py:633 - __init__()] DEBUG: ThreadPoolExecutor-0_0: Using proactor: IocpProactor
2025-09-06T04:48:06 [proactor_events.py:633 - __init__()] DEBUG: ThreadPoolExecutor-0_0: Using proactor: IocpProactor
2025-09-06T04:48:10 [proactor_events.py:633 - __init__()] DEBUG: ThreadPoolExecutor-0_0: Using proactor: IocpProactor
2025-09-06T04:48:28 [client_base.py:147 - connection_made()] INFO: MainThread: Connected to <Peer ::1 7100>
2025-09-06T04:48:30 [client_base.py:295 - _check_negotiation_timer()] DEBUG: MainThread: negotiation complete after 2.00s.
2025-09-06T04:48:31 [aqawan.py:50 - _send()] DEBUG: MainThread: Received response: 'Timestamp=2025/09/06,02:57:12, SWVersion=7, FWVersion=R9.1b, ICDVersion=1.1, SystemUpTime=77799131, Shutter1=CLOSED, Shutter2=CLOSED, EnclOpMode=AUTO, Error=TRUE, Fault=FALSE, PendantStowed=FALSE, LightsOn=FALSE, WallFanOpMode=AUTO, OTAblowerOpMode=AUTO, StormLocked=FALSE, FenceClosed=FALSE, TrapKeyOn=TRUE, GoFastOn=FALSE, PoleFanExhaustTach=7, PanelFanTach=64, PanelFanCtrlVmax=5, EntryDoor1=CLOSED, EntryDoor2=CLOSED, PanelDoor=CLOSED, EnclTemp=13.3, EnclHumidity=15.5, EnclIntakeTemp=106.7, EnclExhaustTemp=106.5, PanelExhaustTemp=107.3, UltimateClosed=FALSE, 24VPSU_OK=TRUE, Heartbeat=0'
2025-09-06T04:48:31 [client_base.py:82 - connection_lost()] INFO: MainThread: Connection closed to <Peer ::1 7100>
2025-09-06T04:48:31 [proactor_events.py:633 - __init__()] DEBUG: ThreadPoolExecutor-0_0: Using proactor: IocpProactor
2025-09-06T04:49:06 [proactor_events.py:633 - __init__()] DEBUG: MainThread: Using proactor: IocpProactor
2025-09-06T04:49:06 [client_base.py:147 - connection_made()] INFO: MainThread: Connected to <Peer ::1 7100>
2025-09-06T04:49:08 [client_base.py:295 - _check_negotiation_timer()] DEBUG: MainThread: negotiation complete after 2.01s.
2025-09-06T04:49:09 [aqawan.py:50 - _send()] DEBUG: MainThread: Received response: 'Timestamp=2025/09/06,02:57:50, SWVersion=7, FWVersion=R9.1b, ICDVersion=1.1, SystemUpTime=77799169, Shutter1=CLOSED, Shutter2=CLOSED, EnclOpMode=AUTO, Error=TRUE, Fault=FALSE, PendantStowed=FALSE, LightsOn=FALSE, WallFanOpMode=AUTO, OTAblowerOpMode=AUTO, StormLocked=FALSE, FenceClosed=FALSE, TrapKeyOn=TRUE, GoFastOn=FALSE, PoleFanExhaustTach=10, PanelFanTach=64, PanelFanCtrlVmax=5, EntryDoor1=CLOSED, EntryDoor2=CLOSED, PanelDoor=CLOSED, EnclTemp=13.3, EnclHumidity=15.5, EnclIntakeTemp=106.8, EnclExhaustTemp=106.5, PanelExhaustTemp=107.3, UltimateClosed=FALSE, 24VPSU_OK=TRUE, Heartbeat=0'
2025-09-06T04:49:09 [client_base.py:82 - connection_lost()] INFO: MainThread: Connection closed to <Peer ::1 7100>
2025-09-06T04:49:09 [proactor_events.py:633 - __init__()] DEBUG: MainThread: Using proactor: IocpProactor
2025-09-06T04:49:09 [proactor_events.py:633 - __init__()] DEBUG: MainThread: Using proactor: IocpProactor
2025-09-06T04:49:09 [proactor_events.py:633 - __init__()] DEBUG: ThreadPoolExecutor-0_0: Using proactor: IocpProactor
2025-09-06T04:49:11 [client_base.py:147 - connection_made()] INFO: MainThread: Connected to <Peer ::1 7100>
2025-09-06T04:49:13 [client_base.py:295 - _check_negotiation_timer()] DEBUG: MainThread: negotiation complete after 2.00s.
2025-09-06T04:49:14 [aqawan.py:50 - _send()] DEBUG: MainThread: Received response: 'Timestamp=2025/09/06,02:57:56, SWVersion=7, FWVersion=R9.1b, ICDVersion=1.1, SystemUpTime=77799174, Shutter1=CLOSED, Shutter2=CLOSED, EnclOpMode=AUTO, Error=TRUE, Fault=FALSE, PendantStowed=FALSE, LightsOn=FALSE, WallFanOpMode=AUTO, OTAblowerOpMode=AUTO, StormLocked=FALSE, FenceClosed=FALSE, TrapKeyOn=TRUE, GoFastOn=FALSE, PoleFanExhaustTach=7, PanelFanTach=64, PanelFanCtrlVmax=5, EntryDoor1=CLOSED, EntryDoor2=CLOSED, PanelDoor=CLOSED, EnclTemp=13.3, EnclHumidity=15.5, EnclIntakeTemp=106.8, EnclExhaustTemp=106.5, PanelExhaustTemp=107.3, UltimateClosed=FALSE, 24VPSU_OK=TRUE, Heartbeat=0'
2025-09-06T04:49:14 [client_base.py:82 - connection_lost()] INFO: MainThread: Connection closed to <Peer ::1 7100>
2025-09-06T04:49:14 [proactor_events.py:633 - __init__()] DEBUG: ThreadPoolExecutor-0_0: Using proactor: IocpProactor
2025-09-06T04:49:18 [proactor_events.py:633 - __init__()] DEBUG: ThreadPoolExecutor-0_0: Using proactor: IocpProactor
2025-09-06T04:49:39 [proactor_events.py:633 - __init__()] DEBUG: MainThread: Using proactor: IocpProactor
2025-09-06T04:49:39 [client_base.py:147 - connection_made()] INFO: MainThread: Connected to <Peer ::1 7100>
2025-09-06T04:49:41 [client_base.py:295 - _check_negotiation_timer()] DEBUG: MainThread: negotiation complete after 2.01s.
2025-09-06T04:49:42 [aqawan.py:49 - _send()] DEBUG: MainThread: Received response: 'Timestamp=2025/09/06,02:58:23, SWVersion=7, FWVersion=R9.1b, ICDVersion=1.1, SystemUpTime=77799202, Shutter1=CLOSED, Shutter2=CLOSED, EnclOpMode=AUTO, Error=TRUE, Fault=FALSE, PendantStowed=FALSE, LightsOn=FALSE, WallFanOpMode=AUTO, OTAblowerOpMode=AUTO, StormLocked=FALSE, FenceClosed=FALSE, TrapKeyOn=TRUE, GoFastOn=FALSE, PoleFanExhaustTach=14, PanelFanTach=64, PanelFanCtrlVmax=5, EntryDoor1=CLOSED, EntryDoor2=CLOSED, PanelDoor=CLOSED, EnclTemp=13.3, EnclHumidity=15.5, EnclIntakeTemp=106.8, EnclExhaustTemp=106.4, PanelExhaustTemp=107.3, UltimateClosed=FALSE, 24VPSU_OK=TRUE, Heartbeat=0'
2025-09-06T04:49:42 [client_base.py:82 - connection_lost()] INFO: MainThread: Connection closed to <Peer ::1 7100>
2025-09-06T04:49:42 [proactor_events.py:633 - __init__()] DEBUG: MainThread: Using proactor: IocpProactor
2025-09-06T04:49:42 [proactor_events.py:633 - __init__()] DEBUG: MainThread: Using proactor: IocpProactor
2025-09-06T04:49:42 [proactor_events.py:633 - __init__()] DEBUG: ThreadPoolExecutor-0_0: Using proactor: IocpProactor
2025-09-06T04:49:46 [client_base.py:147 - connection_made()] INFO: MainThread: Connected to <Peer ::1 7100>
2025-09-06T04:49:48 [client_base.py:295 - _check_negotiation_timer()] DEBUG: MainThread: negotiation complete after 2.01s.
2025-09-06T04:49:48 [aqawan.py:49 - _send()] DEBUG: MainThread: Received response: 'Timestamp=2025/09/06,02:58:30, SWVersion=7, FWVersion=R9.1b, ICDVersion=1.1, SystemUpTime=77799208, Shutter1=CLOSED, Shutter2=CLOSED, EnclOpMode=AUTO, Error=TRUE, Fault=FALSE, PendantStowed=FALSE, LightsOn=FALSE, WallFanOpMode=AUTO, OTAblowerOpMode=AUTO, StormLocked=FALSE, FenceClosed=FALSE, TrapKeyOn=TRUE, GoFastOn=FALSE, PoleFanExhaustTach=9, PanelFanTach=64, PanelFanCtrlVmax=5, EntryDoor1=CLOSED, EntryDoor2=CLOSED, PanelDoor=CLOSED, EnclTemp=13.3, EnclHumidity=15.5, EnclIntakeTemp=106.8, EnclExhaustTemp=106.4, PanelExhaustTemp=107.3, UltimateClosed=FALSE, 24VPSU_OK=TRUE, Heartbeat=0'
2025-09-06T04:49:48 [client_base.py:82 - connection_lost()] INFO: MainThread: Connection closed to <Peer ::1 7100>
2025-09-06T04:49:48 [proactor_events.py:633 - __init__()] DEBUG: ThreadPoolExecutor-0_0: Using proactor: IocpProactor
2025-09-06T04:49:51 [proactor_events.py:633 - __init__()] DEBUG: ThreadPoolExecutor-0_0: Using proactor: IocpProactor
2025-09-06T04:50:03 [client_base.py:147 - connection_made()] INFO: MainThread: Connected to <Peer ::1 7100>
2025-09-06T04:50:05 [client_base.py:295 - _check_negotiation_timer()] DEBUG: MainThread: negotiation complete after 2.01s.
2025-09-06T04:50:06 [aqawan.py:49 - _send()] DEBUG: MainThread: Received response: 'Timestamp=2025/09/06,02:58:47, SWVersion=7, FWVersion=R9.1b, ICDVersion=1.1, SystemUpTime=77799226, Shutter1=CLOSED, Shutter2=CLOSED, EnclOpMode=AUTO, Error=TRUE, Fault=FALSE, PendantStowed=FALSE, LightsOn=FALSE, WallFanOpMode=AUTO, OTAblowerOpMode=AUTO, StormLocked=FALSE, FenceClosed=FALSE, TrapKeyOn=TRUE, GoFastOn=FALSE, PoleFanExhaustTach=9, PanelFanTach=64, PanelFanCtrlVmax=5, EntryDoor1=CLOSED, EntryDoor2=CLOSED, PanelDoor=CLOSED, EnclTemp=13.3, EnclHumidity=15.5, EnclIntakeTemp=106.8, EnclExhaustTemp=106.4, PanelExhaustTemp=107.3, UltimateClosed=FALSE, 24VPSU_OK=TRUE, Heartbeat=0'
2025-09-06T04:50:06 [client_base.py:82 - connection_lost()] INFO: MainThread: Connection closed to <Peer ::1 7100>
2025-09-06T04:50:06 [proactor_events.py:633 - __init__()] DEBUG: ThreadPoolExecutor-0_0: Using proactor: IocpProactor
2025-09-06T04:50:14 [proactor_events.py:633 - __init__()] DEBUG: ThreadPoolExecutor-0_0: Using proactor: IocpProactor
2025-09-06T04:50:39 [proactor_events.py:633 - __init__()] DEBUG: MainThread: Using proactor: IocpProactor
2025-09-06T04:50:39 [client_base.py:147 - connection_made()] INFO: MainThread: Connected to <Peer ::1 7100>
2025-09-06T04:50:41 [client_base.py:295 - _check_negotiation_timer()] DEBUG: MainThread: negotiation complete after 2.00s.
2025-09-06T04:50:41 [aqawan.py:46 - _send()] DEBUG: MainThread: Received response: 'Timestamp=2025/09/06,02:59:23, SWVersion=7, FWVersion=R9.1b, ICDVersion=1.1, SystemUpTime=77799261, Shutter1=CLOSED, Shutter2=CLOSED, EnclOpMode=AUTO, Error=TRUE, Fault=FALSE, PendantStowed=FALSE, LightsOn=FALSE, WallFanOpMode=AUTO, OTAblowerOpMode=AUTO, StormLocked=FALSE, FenceClosed=FALSE, TrapKeyOn=TRUE, GoFastOn=FALSE, PoleFanExhaustTach=10, PanelFanTach=64, PanelFanCtrlVmax=5, EntryDoor1=CLOSED, EntryDoor2=CLOSED, PanelDoor=CLOSED, EnclTemp=13.3, EnclHumidity=15.5, EnclIntakeTemp=106.8, EnclExhaustTemp=106.5, PanelExhaustTemp=107.3, UltimateClosed=FALSE, 24VPSU_OK=TRUE, Heartbeat=0'
2025-09-06T04:50:41 [client_base.py:82 - connection_lost()] INFO: MainThread: Connection closed to <Peer ::1 7100>
2025-09-06T04:50:41 [proactor_events.py:633 - __init__()] DEBUG: MainThread: Using proactor: IocpProactor
2025-09-06T04:50:42 [proactor_events.py:633 - __init__()] DEBUG: MainThread: Using proactor: IocpProactor
2025-09-06T04:50:42 [proactor_events.py:633 - __init__()] DEBUG: ThreadPoolExecutor-0_0: Using proactor: IocpProactor
2025-09-06T04:50:47 [client_base.py:147 - connection_made()] INFO: MainThread: Connected to <Peer ::1 7100>
2025-09-06T04:50:49 [client_base.py:295 - _check_negotiation_timer()] DEBUG: MainThread: negotiation complete after 2.01s.
2025-09-06T04:50:49 [aqawan.py:46 - _send()] DEBUG: MainThread: Received response: 'Timestamp=2025/09/06,02:59:31, SWVersion=7, FWVersion=R9.1b, ICDVersion=1.1, SystemUpTime=77799269, Shutter1=CLOSED, Shutter2=CLOSED, EnclOpMode=AUTO, Error=TRUE, Fault=FALSE, PendantStowed=FALSE, LightsOn=FALSE, WallFanOpMode=AUTO, OTAblowerOpMode=AUTO, StormLocked=FALSE, FenceClosed=FALSE, TrapKeyOn=TRUE, GoFastOn=FALSE, PoleFanExhaustTach=9, PanelFanTach=64, PanelFanCtrlVmax=5, EntryDoor1=CLOSED, EntryDoor2=CLOSED, PanelDoor=CLOSED, EnclTemp=13.3, EnclHumidity=15.5, EnclIntakeTemp=106.8, EnclExhaustTemp=106.5, PanelExhaustTemp=107.3, UltimateClosed=FALSE, 24VPSU_OK=TRUE, Heartbeat=0'
2025-09-06T04:50:49 [client_base.py:82 - connection_lost()] INFO: MainThread: Connection closed to <Peer ::1 7100>
2025-09-06T04:50:49 [proactor_events.py:633 - __init__()] DEBUG: ThreadPoolExecutor-0_0: Using proactor: IocpProactor
2025-09-06T04:51:05 [proactor_events.py:633 - __init__()] DEBUG: ThreadPoolExecutor-0_0: Using proactor: IocpProactor
2025-09-06T04:51:20 [client_base.py:147 - connection_made()] INFO: MainThread: Connected to <Peer ::1 7100>
2025-09-06T04:51:22 [client_base.py:295 - _check_negotiation_timer()] DEBUG: MainThread: negotiation complete after 2.01s.
2025-09-06T04:51:23 [aqawan.py:46 - _send()] DEBUG: MainThread: Received response: 'Timestamp=2025/09/06,03:00:04, SWVersion=7, FWVersion=R9.1b, ICDVersion=1.1, SystemUpTime=77799303, Shutter1=CLOSED, Shutter2=CLOSED, EnclOpMode=AUTO, Error=TRUE, Fault=FALSE, PendantStowed=FALSE, LightsOn=FALSE, WallFanOpMode=AUTO, OTAblowerOpMode=AUTO, StormLocked=FALSE, FenceClosed=FALSE, TrapKeyOn=TRUE, GoFastOn=FALSE, PoleFanExhaustTach=11, PanelFanTach=64, PanelFanCtrlVmax=5, EntryDoor1=CLOSED, EntryDoor2=CLOSED, PanelDoor=CLOSED, EnclTemp=13.3, EnclHumidity=15.5, EnclIntakeTemp=106.8, EnclExhaustTemp=106.5, PanelExhaustTemp=107.3, UltimateClosed=FALSE, 24VPSU_OK=TRUE, Heartbeat=0'
2025-09-06T04:51:23 [client_base.py:82 - connection_lost()] INFO: MainThread: Connection closed to <Peer ::1 7100>
2025-09-06T04:51:23 [proactor_events.py:633 - __init__()] DEBUG: ThreadPoolExecutor-0_0: Using proactor: IocpProactor
2025-09-06T04:51:24 [proactor_events.py:633 - __init__()] DEBUG: ThreadPoolExecutor-0_0: Using proactor: IocpProactor
2025-09-06T04:52:41 [proactor_events.py:633 - __init__()] DEBUG: MainThread: Using proactor: IocpProactor
2025-09-06T04:52:41 [client_base.py:147 - connection_made()] INFO: MainThread: Connected to <Peer ::1 7100>
2025-09-06T04:52:43 [client_base.py:295 - _check_negotiation_timer()] DEBUG: MainThread: negotiation complete after 2.01s.
2025-09-06T04:52:44 [client_base.py:82 - connection_lost()] INFO: MainThread: Connection closed to <Peer ::1 7100>
2025-09-06T04:53:02 [proactor_events.py:633 - __init__()] DEBUG: MainThread: Using proactor: IocpProactor
2025-09-06T04:53:02 [client_base.py:147 - connection_made()] INFO: MainThread: Connected to <Peer ::1 7100>
2025-09-06T04:53:04 [client_base.py:295 - _check_negotiation_timer()] DEBUG: MainThread: negotiation complete after 2.01s.
2025-09-06T04:53:05 [aqawan.py:50 - _send()] DEBUG: MainThread: Received response: 'Timestamp=2025/09/06,03:01:46, SWVersion=7, FWVersion=R9.1b, ICDVersion=1.1, SystemUpTime=77799404, Shutter1=CLOSED, Shutter2=CLOSED, EnclOpMode=AUTO, Error=TRUE, Fault=FALSE, PendantStowed=FALSE, LightsOn=FALSE, WallFanOpMode=AUTO, OTAblowerOpMode=AUTO, StormLocked=FALSE, FenceClosed=FALSE, TrapKeyOn=TRUE, GoFastOn=FALSE, PoleFanExhaustTach=10, PanelFanTach=64, PanelFanCtrlVmax=5, EntryDoor1=CLOSED, EntryDoor2=CLOSED, PanelDoor=CLOSED, EnclTemp=13.3, EnclHumidity=15.5, EnclIntakeTemp=106.8, EnclExhaustTemp=106.4, PanelExhaustTemp=107.3, UltimateClosed=FALSE, 24VPSU_OK=TRUE, Heartbeat=0'
2025-09-06T04:53:05 [client_base.py:82 - connection_lost()] INFO: MainThread: Connection closed to <Peer ::1 7100>
2025-09-06T04:53:05 [proactor_events.py:633 - __init__()] DEBUG: MainThread: Using proactor: IocpProactor
2025-09-06T04:53:05 [proactor_events.py:633 - __init__()] DEBUG: MainThread: Using proactor: IocpProactor
2025-09-06T04:53:05 [proactor_events.py:633 - __init__()] DEBUG: ThreadPoolExecutor-0_0: Using proactor: IocpProactor
2025-09-06T04:53:09 [client_base.py:147 - connection_made()] INFO: MainThread: Connected to <Peer ::1 7100>
2025-09-06T04:53:11 [client_base.py:295 - _check_negotiation_timer()] DEBUG: MainThread: negotiation complete after 2.01s.
2025-09-06T04:53:11 [aqawan.py:50 - _send()] DEBUG: MainThread: Received response: 'Timestamp=2025/09/06,03:01:53, SWVersion=7, FWVersion=R9.1b, ICDVersion=1.1, SystemUpTime=77799411, Shutter1=CLOSED, Shutter2=CLOSED, EnclOpMode=AUTO, Error=TRUE, Fault=FALSE, PendantStowed=FALSE, LightsOn=FALSE, WallFanOpMode=AUTO, OTAblowerOpMode=AUTO, StormLocked=FALSE, FenceClosed=FALSE, TrapKeyOn=TRUE, GoFastOn=FALSE, PoleFanExhaustTach=8, PanelFanTach=64, PanelFanCtrlVmax=5, EntryDoor1=CLOSED, EntryDoor2=CLOSED, PanelDoor=CLOSED, EnclTemp=13.3, EnclHumidity=15.5, EnclIntakeTemp=106.8, EnclExhaustTemp=106.4, PanelExhaustTemp=107.3, UltimateClosed=FALSE, 24VPSU_OK=TRUE, Heartbeat=0'
2025-09-06T04:53:11 [client_base.py:82 - connection_lost()] INFO: MainThread: Connection closed to <Peer ::1 7100>
2025-09-06T04:53:11 [proactor_events.py:633 - __init__()] DEBUG: ThreadPoolExecutor-0_0: Using proactor: IocpProactor
2025-09-06T04:53:15 [proactor_events.py:633 - __init__()] DEBUG: ThreadPoolExecutor-0_0: Using proactor: IocpProactor
2025-09-06T04:54:27 [client_base.py:147 - connection_made()] INFO: MainThread: Connected to <Peer ::1 7100>
2025-09-06T04:54:29 [client_base.py:295 - _check_negotiation_timer()] DEBUG: MainThread: negotiation complete after 2.00s.
2025-09-06T04:54:30 [aqawan.py:50 - _send()] DEBUG: MainThread: Received response: 'Timestamp=2025/09/06,03:03:11, SWVersion=7, FWVersion=R9.1b, ICDVersion=1.1, SystemUpTime=77799489, Shutter1=CLOSED, Shutter2=CLOSED, EnclOpMode=AUTO, Error=TRUE, Fault=FALSE, PendantStowed=FALSE, LightsOn=FALSE, WallFanOpMode=AUTO, OTAblowerOpMode=AUTO, StormLocked=FALSE, FenceClosed=FALSE, TrapKeyOn=TRUE, GoFastOn=FALSE, PoleFanExhaustTach=8, PanelFanTach=64, PanelFanCtrlVmax=5, EntryDoor1=CLOSED, EntryDoor2=CLOSED, PanelDoor=CLOSED, EnclTemp=13.3, EnclHumidity=15.5, EnclIntakeTemp=106.8, EnclExhaustTemp=106.4, PanelExhaustTemp=107.3, UltimateClosed=FALSE, 24VPSU_OK=TRUE, Heartbeat=0'
2025-09-06T04:54:30 [client_base.py:82 - connection_lost()] INFO: MainThread: Connection closed to <Peer ::1 7100>
2025-09-06T04:54:30 [proactor_events.py:633 - __init__()] DEBUG: ThreadPoolExecutor-0_0: Using proactor: IocpProactor
2025-09-06T04:54:32 [proactor_events.py:633 - __init__()] DEBUG: ThreadPoolExecutor-0_0: Using proactor: IocpProactor
