2025-09-05T19:58:27.245 [proactor_events.py:633 - __init__()] DEBUG: MainThread: Using proactor: IocpProactor
2025-09-05T19:58:27.254 [client_base.py:147 - connection_made()] INFO: MainThread: Connected to <Peer ::1 7100>
2025-09-05T19:58:29.265 [client_base.py:295 - _check_negotiation_timer()] DEBUG: MainThread: negotiation complete after 2.01s.
2025-09-05T19:58:29.466 [proactor_events.py:633 - __init__()] DEBUG: MainThread: Using proactor: IocpProactor
2025-09-05T19:58:29.684 [proactor_events.py:633 - __init__()] DEBUG: MainThread: Using proactor: IocpProactor
2025-09-05T19:58:29.705 [proactor_events.py:633 - __init__()] DEBUG: ThreadPoolExecutor-0_0: Using proactor: IocpProactor
2025-09-05T19:58:44.910 [client_base.py:147 - connection_made()] INFO: MainThread: Connected to <Peer ::1 7100>
2025-09-05T19:58:46.913 [client_base.py:295 - _check_negotiation_timer()] DEBUG: MainThread: negotiation complete after 2.00s.
2025-09-05T20:00:29.362 [client_base.py:66 - eof_received()] DEBUG: MainThread: EOF from server, closing.
2025-09-05T20:00:29.362 [client_base.py:82 - connection_lost()] INFO: MainThread: Connection closed to <Peer ::1 7100>
2025-09-05T20:02:29.368 [client_base.py:66 - eof_received()] DEBUG: MainThread: EOF from server, closing.
2025-09-05T20:02:29.368 [client_base.py:82 - connection_lost()] INFO: MainThread: Connection closed to <Peer ::1 7100>
2025-09-05T20:02:29.368 [proactor_events.py:633 - __init__()] DEBUG: ThreadPoolExecutor-0_0: Using proactor: IocpProactor
2025-09-05T20:02:39.188 [proactor_events.py:633 - __init__()] DEBUG: MainThread: Using proactor: IocpProactor
2025-09-05T20:02:39.197 [client_base.py:147 - connection_made()] INFO: MainThread: Connected to <Peer ::1 7100>
2025-09-05T20:02:41.204 [client_base.py:295 - _check_negotiation_timer()] DEBUG: MainThread: negotiation complete after 2.01s.
2025-09-05T20:04:41.273 [client_base.py:66 - eof_received()] DEBUG: MainThread: EOF from server, closing.
2025-09-05T20:04:41.273 [client_base.py:82 - connection_lost()] INFO: MainThread: Connection closed to <Peer ::1 7100>
2025-09-05T20:07:37.505 [proactor_events.py:633 - __init__()] DEBUG: MainThread: Using proactor: IocpProactor
2025-09-05T20:07:37.518 [client_base.py:147 - connection_made()] INFO: MainThread: Connected to <Peer ::1 7100>
2025-09-05T20:07:39.523 [client_base.py:295 - _check_negotiation_timer()] DEBUG: MainThread: negotiation complete after 2.01s.
2025-09-05T20:09:39.606 [client_base.py:66 - eof_received()] DEBUG: MainThread: EOF from server, closing.
2025-09-05T20:09:39.606 [client_base.py:82 - connection_lost()] INFO: MainThread: Connection closed to <Peer ::1 7100>
2025-09-05T20:09:40.067 [proactor_events.py:633 - __init__()] DEBUG: MainThread: Using proactor: IocpProactor
2025-09-05T20:09:40.531 [proactor_events.py:633 - __init__()] DEBUG: MainThread: Using proactor: IocpProactor
2025-09-05T20:09:40.562 [proactor_events.py:633 - __init__()] DEBUG: ThreadPoolExecutor-0_0: Using proactor: IocpProactor
2025-09-05T20:09:46.499 [client_base.py:147 - connection_made()] INFO: MainThread: Connected to <Peer ::1 7100>
2025-09-05T20:09:48.508 [client_base.py:295 - _check_negotiation_timer()] DEBUG: MainThread: negotiation complete after 2.01s.
2025-09-05T20:11:48.599 [client_base.py:66 - eof_received()] DEBUG: MainThread: EOF from server, closing.
2025-09-05T20:11:48.599 [client_base.py:82 - connection_lost()] INFO: MainThread: Connection closed to <Peer ::1 7100>
2025-09-05T20:11:48.600 [proactor_events.py:633 - __init__()] DEBUG: ThreadPoolExecutor-0_0: Using proactor: IocpProactor
2025-09-05T20:13:58.196 [proactor_events.py:633 - __init__()] DEBUG: MainThread: Using proactor: IocpProactor
2025-09-05T20:13:58.200 [client_base.py:147 - connection_made()] INFO: MainThread: Connected to <Peer ::1 7100>
2025-09-05T20:14:00.204 [client_base.py:295 - _check_negotiation_timer()] DEBUG: MainThread: negotiation complete after 2.00s.
2025-09-05T20:14:00.335 [client_base.py:82 - connection_lost()] INFO: MainThread: Connection closed to <Peer ::1 7100>
2025-09-05T20:15:04.471 [proactor_events.py:633 - __init__()] DEBUG: MainThread: Using proactor: IocpProactor
2025-09-05T20:15:04.480 [client_base.py:147 - connection_made()] INFO: MainThread: Connected to <Peer ::1 7100>
2025-09-05T20:15:06.486 [client_base.py:295 - _check_negotiation_timer()] DEBUG: MainThread: negotiation complete after 2.01s.
2025-09-05T20:15:11.504 [client_base.py:82 - connection_lost()] INFO: MainThread: Connection closed to <Peer ::1 7100>
2025-09-05T20:18:33.928 [proactor_events.py:633 - __init__()] DEBUG: MainThread: Using proactor: IocpProactor
2025-09-05T20:18:33.944 [client_base.py:147 - connection_made()] INFO: MainThread: Connected to <Peer ::1 7100>
2025-09-05T20:18:35.949 [client_base.py:295 - _check_negotiation_timer()] DEBUG: MainThread: negotiation complete after 2.01s.
2025-09-05T20:18:40.952 [client_base.py:82 - connection_lost()] INFO: MainThread: Connection closed to <Peer ::1 7100>
2025-09-05T20:20:18.561 [proactor_events.py:633 - __init__()] DEBUG: MainThread: Using proactor: IocpProactor
2025-09-05T20:20:18.592 [client_base.py:147 - connection_made()] INFO: MainThread: Connected to <Peer ::1 7100>
2025-09-05T20:20:20.597 [client_base.py:295 - _check_negotiation_timer()] DEBUG: MainThread: negotiation complete after 2.01s.
2025-09-05T20:20:25.605 [aqawan.py:40 - _send()] WARNING: MainThread: Timeout waiting for #> prompt, falling back to read
2025-09-05T20:20:25.620 [client_base.py:82 - connection_lost()] INFO: MainThread: Connection closed to <Peer ::1 7100>
2025-09-05T20:20:50.805 [proactor_events.py:633 - __init__()] DEBUG: MainThread: Using proactor: IocpProactor
2025-09-05T20:20:50.820 [client_base.py:147 - connection_made()] INFO: MainThread: Connected to <Peer ::1 7100>
2025-09-05T20:20:52.826 [client_base.py:295 - _check_negotiation_timer()] DEBUG: MainThread: negotiation complete after 2.01s.
2025-09-05T20:20:57.824 [aqawan.py:41 - _send()] WARNING: MainThread: Timeout waiting for #> prompt, falling back to read
2025-09-05T20:20:57.827 [aqawan.py:47 - _send()] DEBUG: MainThread: Fallback response: 'Timestamp=2025/09/05,18:29:35, SWVersion=7, FWVersion=R9.1b, ICDVersion=1.1, SystemUpTime=77768673, Shutter1=CLOSED, Shutter2=CLOSED, EnclOpMode=AUTO, Error=TRUE, Fault=FALSE, PendantStowed=FALSE, LightsOn=FALSE, WallFanOpMode=AUTO, OTAblowerOpMode=AUTO, StormLocked=FALSE, FenceClosed=FALSE, TrapKeyOn=TRUE, GoFastOn=FALSE, PoleFanExhaustTach=11, PanelFanTach=64, PanelFanCtrlVmax=5, EntryDoor1=CLOSED, EntryDoor2=CLOSED, PanelDoor=CLOSED, EnclTemp=14.3, EnclHumidity=11.9, EnclIntakeTemp=108.4, EnclExhaustTemp=108.2, PanelExhaustTemp=108.8, UltimateClosed=FALSE, 24VPSU_OK=TRUE, Heartbeat=0'
2025-09-05T20:20:57.827 [client_base.py:82 - connection_lost()] INFO: MainThread: Connection closed to <Peer ::1 7100>
2025-09-05T20:27:40.174 [proactor_events.py:633 - __init__()] DEBUG: MainThread: Using proactor: IocpProactor
2025-09-05T20:27:40.182 [client_base.py:147 - connection_made()] INFO: MainThread: Connected to <Peer ::1 7100>
2025-09-05T20:27:42.195 [client_base.py:295 - _check_negotiation_timer()] DEBUG: MainThread: negotiation complete after 2.01s.
2025-09-05T20:27:47.205 [client_base.py:82 - connection_lost()] INFO: MainThread: Connection closed to <Peer ::1 7100>
2025-09-05T20:28:00.855 [proactor_events.py:633 - __init__()] DEBUG: MainThread: Using proactor: IocpProactor
2025-09-05T20:28:00.863 [client_base.py:147 - connection_made()] INFO: MainThread: Connected to <Peer ::1 7100>
2025-09-05T20:28:02.865 [client_base.py:295 - _check_negotiation_timer()] DEBUG: MainThread: negotiation complete after 2.00s.
2025-09-05T20:28:07.880 [aqawan.py:42 - _send()] WARNING: MainThread: Timeout waiting for #> prompt, falling back to drain buffer
2025-09-05T20:28:08.394 [client_base.py:82 - connection_lost()] INFO: MainThread: Connection closed to <Peer ::1 7100>
2025-09-05T20:28:08.504 [proactor_events.py:633 - __init__()] DEBUG: MainThread: Using proactor: IocpProactor
2025-09-05T20:28:08.727 [proactor_events.py:633 - __init__()] DEBUG: MainThread: Using proactor: IocpProactor
2025-09-05T20:28:08.742 [proactor_events.py:633 - __init__()] DEBUG: ThreadPoolExecutor-0_0: Using proactor: IocpProactor
2025-09-05T20:28:31.134 [client_base.py:147 - connection_made()] INFO: MainThread: Connected to <Peer ::1 7100>
2025-09-05T20:28:33.139 [client_base.py:295 - _check_negotiation_timer()] DEBUG: MainThread: negotiation complete after 2.00s.
2025-09-05T20:28:38.140 [aqawan.py:42 - _send()] WARNING: MainThread: Timeout waiting for #> prompt, falling back to drain buffer
2025-09-05T20:28:38.649 [client_base.py:82 - connection_lost()] INFO: MainThread: Connection closed to <Peer ::1 7100>
2025-09-05T20:28:38.649 [proactor_events.py:633 - __init__()] DEBUG: ThreadPoolExecutor-0_0: Using proactor: IocpProactor
2025-09-05T20:31:14.879 [proactor_events.py:633 - __init__()] DEBUG: MainThread: Using proactor: IocpProactor
2025-09-05T20:31:14.883 [client_base.py:147 - connection_made()] INFO: MainThread: Connected to <Peer ::1 7100>
2025-09-05T20:31:16.889 [client_base.py:295 - _check_negotiation_timer()] DEBUG: MainThread: negotiation complete after 2.01s.
2025-09-05T20:31:21.905 [aqawan.py:41 - _send()] WARNING: MainThread: Timeout waiting for #> prompt, falling back to drain buffer
2025-09-05T20:31:21.921 [aqawan.py:48 - _send()] DEBUG: MainThread: Received chunk: 'Timestamp=2025/09/05,18:39:59, SWVersion=7, FWVersion=R9.1b, ICDVersion=1.1, SystemUpTime=77769297, Shutter1=CLOSED, Shutter2=CLOSED, EnclOpMode=AUTO, Error=TRUE, Fault=FALSE, PendantStowed=FALSE, LightsOn=FALSE, WallFanOpMode=AUTO, OTAblowerOpMode=AUTO, StormLocked=FALSE, FenceClosed=FALSE, TrapKeyOn=TRUE, GoFastOn=FALSE, PoleFanExhaustTach=12, PanelFanTach=65, PanelFanCtrlVmax=5, EntryDoor1=CLOSED, EntryDoor2=CLOSED, PanelDoor=CLOSED, EnclTemp=14.3, EnclHumidity=11.9, EnclIntakeTemp=108.2, EnclExhaustTemp=107.8, PanelExhaustTemp=108.8, UltimateClosed=FALSE, 24VPSU_OK=TRUE, Heartbeat=0'
2025-09-05T20:31:22.426 [client_base.py:82 - connection_lost()] INFO: MainThread: Connection closed to <Peer ::1 7100>
2025-09-05T20:31:34.530 [proactor_events.py:633 - __init__()] DEBUG: MainThread: Using proactor: IocpProactor
2025-09-05T20:31:34.539 [client_base.py:147 - connection_made()] INFO: MainThread: Connected to <Peer ::1 7100>
2025-09-05T20:31:36.555 [client_base.py:295 - _check_negotiation_timer()] DEBUG: MainThread: negotiation complete after 2.02s.
2025-09-05T20:31:41.562 [aqawan.py:41 - _send()] WARNING: MainThread: Timeout waiting for #> prompt, falling back to drain buffer
2025-09-05T20:31:41.568 [aqawan.py:48 - _send()] DEBUG: MainThread: Received chunk: 'Timestamp=2025/09/05,18:40:19, SWVersion=7, FWVersion=R9.1b, ICDVersion=1.1, SystemUpTime=77769317, Shutter1=CLOSED, Shutter2=CLOSED, EnclOpMode=AUTO, Error=TRUE, Fault=FALSE, PendantStowed=FALSE, LightsOn=FALSE, WallFanOpMode=AUTO, OTAblowerOpMode=AUTO, StormLocked=FALSE, FenceClosed=FALSE, TrapKeyOn=TRUE, GoFastOn=FALSE, PoleFanExhaustTach=7, PanelFanTach=65, PanelFanCtrlVmax=5, EntryDoor1=CLOSED, EntryDoor2=CLOSED, PanelDoor=CLOSED, EnclTemp=14.3, EnclHumidity=11.9, EnclIntakeTemp=108.2, EnclExhaustTemp=107.7, PanelExhaustTemp=108.8, UltimateClosed=FALSE, 24VPSU_OK=TRUE, Heartbeat=0'
2025-09-05T20:31:42.070 [client_base.py:82 - connection_lost()] INFO: MainThread: Connection closed to <Peer ::1 7100>
2025-09-05T20:31:42.171 [proactor_events.py:633 - __init__()] DEBUG: MainThread: Using proactor: IocpProactor
2025-09-05T20:31:42.468 [proactor_events.py:633 - __init__()] DEBUG: MainThread: Using proactor: IocpProactor
2025-09-05T20:31:42.481 [proactor_events.py:633 - __init__()] DEBUG: ThreadPoolExecutor-0_0: Using proactor: IocpProactor
2025-09-05T20:33:21.607 [proactor_events.py:633 - __init__()] DEBUG: MainThread: Using proactor: IocpProactor
2025-09-05T20:33:21.617 [client_base.py:147 - connection_made()] INFO: MainThread: Connected to <Peer ::1 7100>
2025-09-05T20:33:23.615 [client_base.py:295 - _check_negotiation_timer()] DEBUG: MainThread: negotiation complete after 2.01s.
2025-09-05T20:33:28.632 [aqawan.py:43 - _send()] WARNING: MainThread: Timeout waiting for #> prompt, falling back to drain buffer
2025-09-05T20:33:28.632 [aqawan.py:47 - _send()] INFO: MainThread: Received chunk: 'Timestamp=2025/09/05,18:42:06, SWVersion=7, FWVersion=R9.1b, ICDVersion=1.1, SystemUpTime=77769424, Shutter1=CLOSED, Shutter2=CLOSED, EnclOpMode=AUTO, Error=TRUE, Fault=FALSE, PendantStowed=FALSE, LightsOn=FALSE, WallFanOpMode=AUTO, OTAblowerOpMode=AUTO, StormLocked=FALSE, FenceClosed=FALSE, TrapKeyOn=TRUE, GoFastOn=FALSE, PoleFanExhaustTach=11, PanelFanTach=64, PanelFanCtrlVmax=5, EntryDoor1=CLOSED, EntryDoor2=CLOSED, PanelDoor=CLOSED, EnclTemp=14.3, EnclHumidity=11.9, EnclIntakeTemp=107.9, EnclExhaustTemp=107.8, PanelExhaustTemp=108.8, UltimateClosed=FALSE, 24VPSU_OK=TRUE, Heartbeat=0'
2025-09-05T20:33:29.142 [client_base.py:82 - connection_lost()] INFO: MainThread: Connection closed to <Peer ::1 7100>
2025-09-05T20:33:29.280 [proactor_events.py:633 - __init__()] DEBUG: MainThread: Using proactor: IocpProactor
2025-09-05T20:33:29.541 [proactor_events.py:633 - __init__()] DEBUG: MainThread: Using proactor: IocpProactor
2025-09-05T20:33:29.558 [proactor_events.py:633 - __init__()] DEBUG: ThreadPoolExecutor-0_0: Using proactor: IocpProactor
2025-09-05T20:34:39.565 [proactor_events.py:633 - __init__()] DEBUG: MainThread: Using proactor: IocpProactor
2025-09-05T20:34:39.579 [client_base.py:147 - connection_made()] INFO: MainThread: Connected to <Peer ::1 7100>
2025-09-05T20:34:41.587 [client_base.py:295 - _check_negotiation_timer()] DEBUG: MainThread: negotiation complete after 2.01s.
2025-09-05T20:34:46.584 [aqawan.py:43 - _send()] WARNING: MainThread: Timeout waiting for #> prompt, falling back to drain buffer
2025-09-05T20:34:46.584 [aqawan.py:47 - _send()] INFO: MainThread: Received chunk: 'Timestamp=2025/09/05,18:43:24, SWVersion=7, FWVersion=R9.1b, ICDVersion=1.1, SystemUpTime=77769502, Shutter1=CLOSED, Shutter2=CLOSED, EnclOpMode=AUTO, Error=TRUE, Fault=FALSE, PendantStowed=FALSE, LightsOn=FALSE, WallFanOpMode=AUTO, OTAblowerOpMode=AUTO, StormLocked=FALSE, FenceClosed=FALSE, TrapKeyOn=TRUE, GoFastOn=FALSE, PoleFanExhaustTach=9, PanelFanTach=64, PanelFanCtrlVmax=5, EntryDoor1=CLOSED, EntryDoor2=CLOSED, PanelDoor=CLOSED, EnclTemp=14.3, EnclHumidity=11.9, EnclIntakeTemp=107.8, EnclExhaustTemp=107.9, PanelExhaustTemp=108.8, UltimateClosed=FALSE, 24VPSU_OK=TRUE, Heartbeat=0'
2025-09-05T20:34:47.097 [client_base.py:82 - connection_lost()] INFO: MainThread: Connection closed to <Peer ::1 7100>
2025-09-05T20:34:47.234 [proactor_events.py:633 - __init__()] DEBUG: MainThread: Using proactor: IocpProactor
2025-09-05T20:34:47.507 [proactor_events.py:633 - __init__()] DEBUG: MainThread: Using proactor: IocpProactor
2025-09-05T20:34:47.527 [proactor_events.py:633 - __init__()] DEBUG: ThreadPoolExecutor-0_0: Using proactor: IocpProactor
2025-09-05T20:37:18.455 [proactor_events.py:633 - __init__()] DEBUG: MainThread: Using proactor: IocpProactor
2025-09-05T20:37:18.466 [client_base.py:147 - connection_made()] INFO: MainThread: Connected to <Peer ::1 7100>
2025-09-05T20:37:20.473 [client_base.py:295 - _check_negotiation_timer()] DEBUG: MainThread: negotiation complete after 2.01s.
2025-09-05T20:37:25.489 [aqawan.py:43 - _send()] WARNING: MainThread: Timeout waiting for #> prompt, falling back to drain buffer
2025-09-05T20:37:25.506 [aqawan.py:47 - _send()] INFO: MainThread: Received chunk: 'Timestamp=2025/09/05,18:46:03, SWVersion=7, FWVersion=R9.1b, ICDVersion=1.1, SystemUpTime=77769661, Shutter1=CLOSED, Shutter2=CLOSED, EnclOpMode=AUTO, Error=TRUE, Fault=FALSE, PendantStowed=FALSE, LightsOn=FALSE, WallFanOpMode=AUTO, OTAblowerOpMode=AUTO, StormLocked=FALSE, FenceClosed=FALSE, TrapKeyOn=TRUE, GoFastOn=FALSE, PoleFanExhaustTach=9, PanelFanTach=64, PanelFanCtrlVmax=5, EntryDoor1=CLOSED, EntryDoor2=CLOSED, PanelDoor=CLOSED, EnclTemp=14.3, EnclHumidity=11.9, EnclIntakeTemp=108.0, EnclExhaustTemp=107.8, PanelExhaustTemp=108.8, UltimateClosed=FALSE, 24VPSU_OK=TRUE, Heartbeat=0'
2025-09-05T20:37:26.012 [client_base.py:82 - connection_lost()] INFO: MainThread: Connection closed to <Peer ::1 7100>
2025-09-05T20:37:26.146 [proactor_events.py:633 - __init__()] DEBUG: MainThread: Using proactor: IocpProactor
2025-09-05T20:37:26.458 [proactor_events.py:633 - __init__()] DEBUG: MainThread: Using proactor: IocpProactor
2025-09-05T20:37:26.473 [proactor_events.py:633 - __init__()] DEBUG: ThreadPoolExecutor-0_0: Using proactor: IocpProactor
